#
# A fatal error has been detected by the Java Runtime Environment:
#
#  EXCEPTION_ACCESS_VIOLATION (0xc0000005) at pc=0x000000001ae9fdca, pid=10044, tid=0x0000000000002964
#
# JRE version: Java(TM) SE Runtime Environment (8.0_151-b12) (build 1.8.0_151-b12)
# Java VM: Java HotSpot(TM) 64-Bit Server VM (25.151-b12 mixed mode windows-amd64 compressed oops)
# Problematic frame:
# C  0x000000001ae9fdca
#
# Failed to write core dump. Minidumps are not enabled by default on client versions of Windows
#
# If you would like to submit a bug report, please visit:
#   http://bugreport.java.com/bugreport/crash.jsp
# The crash happened outside the Java Virtual Machine in native code.
# See problematic frame for where to report the bug.
#

---------------  T H R E A D  ---------------

Current thread (0x000000001a8e9800):  JavaThread "AWT-EventQueue-0" [_thread_in_native, id=10596, stack(0x0000000021520000,0x0000000021620000)]

siginfo: ExceptionCode=0xc0000005, reading address 0x00000000238f6000

Registers:
RAX=0x000000001cdd6688, RBX=0x00000000234f0000, RCX=0x0000000000000012, RDX=0x0000000000000002
RSP=0x000000002161c510, RBP=0x00000000235a5040, RSI=0x00000000238f5ff8, RDI=0x000000000000007e
R8 =0x0000000000000000, R9 =0x0000000000000014, R10=0x00000000235a5040, R11=0x0000000000000000
R12=0x0000000000000000, R13=0x0000000000000000, R14=0x0000000000000004, R15=0x000000001cdd65b0
RIP=0x000000001ae9fdca, EFLAGS=0x0000000000010216

Top of Stack: (sp=0x000000002161c510)
0x000000002161c510:   000000001d978be0 0000000000000000
0x000000002161c520:   0000000000000014 00000000234f0000
0x000000002161c530:   00000000235a5040 0000000073ddf909
0x000000002161c540:   00000000234f0000 00000000235a5040
0x000000002161c550:   0000000000000014 00000000234f0000
0x000000002161c560:   0000000000000001 0000000000000001
0x000000002161c570:   0000000000000000 00000000238e6d58
0x000000002161c580:   0000000000000004 00000000235a5040
0x000000002161c590:   0000000000000014 0000000000000000
0x000000002161c5a0:   00000000234f0000 0000000073ddc3ed
0x000000002161c5b0:   0000000000000000 0000000000000004
0x000000002161c5c0:   000000002161c901 0000000000000000
0x000000002161c5d0:   0000000000000003 00c0000000000000
0x000000002161c5e0:   0000000000000014 0000000073ddc64b
0x000000002161c5f0:   00000000234f0000 00000000238e6d58
0x000000002161c600:   00000000235a5040 0000000000000004 

Instructions: (pc=0x000000001ae9fdca)
0x000000001ae9fdaa:   00 00 00 00 48 8b 36 48 8b b6 08 03 00 00 48 8b
0x000000001ae9fdba:   f9 48 c1 e7 03 48 2b f9 48 8d 34 be f2 0f 5a 06
0x000000001ae9fdca:   f2 0f 5a 4e 08 f2 0f 5a 56 10 f3 0f 11 00 f3 0f
0x000000001ae9fdda:   11 48 04 f3 0f 11 50 08 48 83 c0 0c ff c1 ff ca 


Register to memory mapping:

RAX=0x000000001cdd6688 is an unknown value
RBX=0x00000000234f0000 is an unknown value
RCX=0x0000000000000012 is an unknown value
RDX=0x0000000000000002 is an unknown value
RSP=0x000000002161c510 is pointing into the stack for thread: 0x000000001a8e9800
RBP=0x00000000235a5040 is an unknown value
RSI=0x00000000238f5ff8 is an unknown value
RDI=0x000000000000007e is an unknown value
R8 =0x0000000000000000 is an unknown value
R9 =0x0000000000000014 is an unknown value
R10=0x00000000235a5040 is an unknown value
R11=0x0000000000000000 is an unknown value
R12=0x0000000000000000 is an unknown value
R13=0x0000000000000000 is an unknown value
R14=0x0000000000000004 is an unknown value
R15=0x000000001cdd65b0 is an unknown value


Stack: [0x0000000021520000,0x0000000021620000],  sp=0x000000002161c510,  free space=1009k
Native frames: (J=compiled Java code, j=interpreted, Vv=VM code, C=native code)
C  0x000000001ae9fdca

Java frames: (J=compiled Java code, j=interpreted, Vv=VM code)
J 1808  jogamp.opengl.gl4.GL4bcImpl.dispatch_glDrawArrays1(IIIJ)V (0 bytes) @ 0x000000000320aa45 [0x000000000320aa00+0x45]
J 1807 C1 jogamp.opengl.gl4.GL4bcImpl.glDrawArrays(III)V (49 bytes) @ 0x000000000320fbf4 [0x000000000320f220+0x9d4]
j  robotrace.Terrain.init(Lcom/jogamp/opengl/GL2;)V+119
j  robotrace.Terrain.draw(Lcom/jogamp/opengl/GL2;Lcom/jogamp/opengl/glu/GLU;Lcom/jogamp/opengl/util/gl2/GLUT;)V+10
j  robotrace.RobotRace.drawScene()V+238
j  robotrace.Base$GLEventDelegate.display(Lcom/jogamp/opengl/GLAutoDrawable;)V+96
j  jogamp.opengl.GLDrawableHelper.displayImpl(Lcom/jogamp/opengl/GLAutoDrawable;)V+62
j  jogamp.opengl.GLDrawableHelper.display(Lcom/jogamp/opengl/GLAutoDrawable;)V+2
j  com.jogamp.opengl.awt.GLJPanel$Updater.display(Lcom/jogamp/opengl/GLAutoDrawable;)V+200
j  com.jogamp.opengl.awt.GLJPanel$10.run()V+11
j  jogamp.opengl.GLDrawableHelper.invokeGLImpl(Lcom/jogamp/opengl/GLDrawable;Lcom/jogamp/opengl/GLContext;Ljava/lang/Runnable;Ljava/lang/Runnable;)V+203
j  jogamp.opengl.GLDrawableHelper.invokeGL(Lcom/jogamp/opengl/GLDrawable;Lcom/jogamp/opengl/GLContext;Ljava/lang/Runnable;Ljava/lang/Runnable;)V+72
j  com.jogamp.opengl.awt.GLJPanel$OffscreenBackend.doPaintComponent(Ljava/awt/Graphics;)V+29
j  com.jogamp.opengl.awt.GLJPanel.paintComponent(Ljava/awt/Graphics;)V+224
J 1835 C1 javax.swing.JComponent.paint(Ljava/awt/Graphics;)V (409 bytes) @ 0x0000000003224844 [0x0000000003222fc0+0x1884]
j  javax.swing.JComponent.paintToOffscreen(Ljava/awt/Graphics;IIIIII)V+41
j  javax.swing.RepaintManager$PaintManager.paintDoubleBuffered(Ljavax/swing/JComponent;Ljava/awt/Image;Ljava/awt/Graphics;IIII)V+163
j  javax.swing.RepaintManager$PaintManager.paint(Ljavax/swing/JComponent;Ljavax/swing/JComponent;Ljava/awt/Graphics;IIII)Z+116
j  javax.swing.RepaintManager.paint(Ljavax/swing/JComponent;Ljavax/swing/JComponent;Ljava/awt/Graphics;IIII)V+51
j  javax.swing.JComponent._paintImmediately(IIII)V+683
J 1914 C1 javax.swing.JComponent.paintImmediately(IIII)V (155 bytes) @ 0x000000000328b5ec [0x000000000328a7e0+0xe0c]
j  javax.swing.RepaintManager$4.run()Ljava/lang/Void;+81
j  javax.swing.RepaintManager$4.run()Ljava/lang/Object;+1
v  ~StubRoutines::call_stub
J 1286  java.security.AccessController.doPrivileged(Ljava/security/PrivilegedAction;Ljava/security/AccessControlContext;)Ljava/lang/Object; (0 bytes) @ 0x000000000306c4e6 [0x000000000306c480+0x66]
J 1722 C1 javax.swing.RepaintManager.paintDirtyRegions(Ljava/util/Map;)V (196 bytes) @ 0x00000000031d725c [0x00000000031d5c40+0x161c]
J 1721 C1 javax.swing.RepaintManager.paintDirtyRegions()V (50 bytes) @ 0x00000000031d932c [0x00000000031d90c0+0x26c]
J 1904 C1 com.jogamp.opengl.util.AWTAnimatorImpl$1.run()V (405 bytes) @ 0x00000000032834cc [0x0000000003280e20+0x26ac]
J 1553 C1 java.awt.event.InvocationEvent.dispatch()V (69 bytes) @ 0x000000000313460c [0x00000000031344c0+0x14c]
J 1464 C1 java.awt.EventQueue.dispatchEventImpl(Ljava/awt/AWTEvent;Ljava/lang/Object;)V (149 bytes) @ 0x00000000030e8284 [0x00000000030e67c0+0x1ac4]
J 1462 C1 java.awt.EventQueue$3.run()Ljava/lang/Void; (60 bytes) @ 0x00000000030e5bcc [0x00000000030e59c0+0x20c]
J 1461 C1 java.awt.EventQueue$3.run()Ljava/lang/Object; (5 bytes) @ 0x00000000030e564c [0x00000000030e55c0+0x8c]
v  ~StubRoutines::call_stub
J 1286  java.security.AccessController.doPrivileged(Ljava/security/PrivilegedAction;Ljava/security/AccessControlContext;)Ljava/lang/Object; (0 bytes) @ 0x000000000306c4e6 [0x000000000306c480+0x66]
J 1364 C1 java.awt.EventQueue.dispatchEvent(Ljava/awt/AWTEvent;)V (80 bytes) @ 0x00000000030a0744 [0x000000000309fdc0+0x984]
J 1468 C1 java.awt.EventDispatchThread.pumpOneEventForFilters(I)V (295 bytes) @ 0x00000000030ebfb4 [0x00000000030ea300+0x1cb4]
j  java.awt.EventDispatchThread.pumpEventsForFilter(ILjava/awt/Conditional;Ljava/awt/EventFilter;)V+35
j  java.awt.EventDispatchThread.pumpEventsForHierarchy(ILjava/awt/Conditional;Ljava/awt/Component;)V+11
j  java.awt.EventDispatchThread.pumpEvents(ILjava/awt/Conditional;)V+4
j  java.awt.EventDispatchThread.pumpEvents(Ljava/awt/Conditional;)V+3
j  java.awt.EventDispatchThread.run()V+9
v  ~StubRoutines::call_stub

---------------  P R O C E S S  ---------------

Java Threads: ( => current thread )
  0x000000000291e000 JavaThread "DestroyJavaVM" [_thread_blocked, id=10344, stack(0x0000000002990000,0x0000000002a90000)]
  0x000000001ab08800 JavaThread "main-FPSAWTAnimator#00-Timer0" [_thread_blocked, id=10500, stack(0x0000000021820000,0x0000000021920000)]
=>0x000000001a8e9800 JavaThread "AWT-EventQueue-0" [_thread_in_native, id=10596, stack(0x0000000021520000,0x0000000021620000)]
  0x000000001a8e8800 JavaThread "AWT-Shutdown" [_thread_blocked, id=15608, stack(0x0000000021420000,0x0000000021520000)]
  0x000000001a77d000 JavaThread "main-SharedResourceRunner" daemon [_thread_blocked, id=16396, stack(0x000000001c500000,0x000000001c600000)]
  0x000000001a46d000 JavaThread "AWT-Windows" daemon [_thread_in_native, id=11332, stack(0x000000001aed0000,0x000000001afd0000)]
  0x000000001a50e000 JavaThread "Java2D Disposer" daemon [_thread_blocked, id=8848, stack(0x000000001acd0000,0x000000001add0000)]
  0x0000000019678000 JavaThread "Service Thread" daemon [_thread_blocked, id=3532, stack(0x000000001a1a0000,0x000000001a2a0000)]
  0x00000000195e7800 JavaThread "C1 CompilerThread3" daemon [_thread_blocked, id=4588, stack(0x000000001a0a0000,0x000000001a1a0000)]
  0x00000000195e1800 JavaThread "C2 CompilerThread2" daemon [_thread_blocked, id=13960, stack(0x0000000019fa0000,0x000000001a0a0000)]
  0x00000000195dd800 JavaThread "C2 CompilerThread1" daemon [_thread_blocked, id=9920, stack(0x0000000019ea0000,0x0000000019fa0000)]
  0x00000000195d9000 JavaThread "C2 CompilerThread0" daemon [_thread_blocked, id=14548, stack(0x0000000019da0000,0x0000000019ea0000)]
  0x00000000195d7800 JavaThread "Attach Listener" daemon [_thread_blocked, id=13180, stack(0x0000000019ca0000,0x0000000019da0000)]
  0x00000000195d6000 JavaThread "Signal Dispatcher" daemon [_thread_blocked, id=3660, stack(0x0000000019ba0000,0x0000000019ca0000)]
  0x0000000002b8e000 JavaThread "Finalizer" daemon [_thread_blocked, id=10024, stack(0x00000000199b0000,0x0000000019ab0000)]
  0x00000000176dd000 JavaThread "Reference Handler" daemon [_thread_blocked, id=16860, stack(0x00000000194b0000,0x00000000195b0000)]

Other Threads:
  0x00000000176d9000 VMThread [stack: 0x00000000193b0000,0x00000000194b0000] [id=10860]
  0x000000001969b000 WatcherThread [stack: 0x000000001a2a0000,0x000000001a3a0000] [id=3392]

VM state:not at safepoint (normal execution)

VM Mutex/Monitor currently owned by a thread: None

Heap:
 PSYoungGen      total 35840K, used 18650K [0x00000000d8400000, 0x00000000dac00000, 0x0000000100000000)
  eden space 30720K, 44% used [0x00000000d8400000,0x00000000d9138a98,0x00000000da200000)
  from space 5120K, 99% used [0x00000000da700000,0x00000000dabfe000,0x00000000dac00000)
  to   space 5120K, 0% used [0x00000000da200000,0x00000000da200000,0x00000000da700000)
 ParOldGen       total 81920K, used 18910K [0x0000000088c00000, 0x000000008dc00000, 0x00000000d8400000)
  object space 81920K, 23% used [0x0000000088c00000,0x0000000089e77be8,0x000000008dc00000)
 Metaspace       used 20646K, capacity 20900K, committed 21296K, reserved 1069056K
  class space    used 2271K, capacity 2349K, committed 2432K, reserved 1048576K

Card table byte_map: [0x0000000011f50000,0x0000000012310000] byte_map_base: 0x0000000011b0a000

Marking Bits: (ParMarkBitMap*) 0x0000000076e2d850
 Begin Bits: [0x0000000012d90000, 0x0000000014b60000)
 End Bits:   [0x0000000014b60000, 0x0000000016930000)

Polling page: 0x0000000000f50000

CodeCache: size=245760Kb used=7241Kb max_used=7256Kb free=238518Kb
 bounds [0x0000000002b90000, 0x00000000032b0000, 0x0000000011b90000]
 total_blobs=2859 nmethods=1924 adapters=847
 compilation: enabled

Compilation events (10 events):
Event: 11.156 Thread 0x00000000195dd800 1920       4       robotrace.Terrain::createMeshData (138 bytes)
Event: 11.195 Thread 0x00000000195dd800 nmethod 1920 0x00000000032a5790 code [0x00000000032a59c0, 0x00000000032a73f0]
Event: 11.356 Thread 0x00000000195e7800 1921       3       com.jogamp.common.util.VersionNumber::compareTo (80 bytes)
Event: 11.356 Thread 0x00000000195e7800 nmethod 1921 0x0000000003294610 code [0x0000000003294780, 0x0000000003294ab0]
Event: 11.440 Thread 0x00000000195d9000 1922       4       java.awt.Container::getMouseEventTarget (50 bytes)
Event: 11.453 Thread 0x00000000195d9000 nmethod 1922 0x00000000032a9bd0 code [0x00000000032a9de0, 0x00000000032ab6a8]
Event: 11.544 Thread 0x00000000195e1800 1923       4       java.util.concurrent.locks.ReentrantLock::unlock (10 bytes)
Event: 11.546 Thread 0x00000000195e1800 nmethod 1923 0x0000000003292c10 code [0x0000000003292d60, 0x0000000003292f08]
Event: 11.611 Thread 0x00000000195dd800 1924       4       java.lang.ThreadLocal::get (38 bytes)
Event: 11.612 Thread 0x00000000195dd800 nmethod 1924 0x000000000328db90 code [0x000000000328dd00, 0x000000000328de78]

GC Heap History (8 events):
Event: 1.950 GC heap before
{Heap before GC invocations=1 (full 0):
 PSYoungGen      total 35840K, used 30720K [0x00000000d8400000, 0x00000000dac00000, 0x0000000100000000)
  eden space 30720K, 100% used [0x00000000d8400000,0x00000000da200000,0x00000000da200000)
  from space 5120K, 0% used [0x00000000da700000,0x00000000da700000,0x00000000dac00000)
  to   space 5120K, 0% used [0x00000000da200000,0x00000000da200000,0x00000000da700000)
 ParOldGen       total 81920K, used 0K [0x0000000088c00000, 0x000000008dc00000, 0x00000000d8400000)
  object space 81920K, 0% used [0x0000000088c00000,0x0000000088c00000,0x000000008dc00000)
 Metaspace       used 15397K, capacity 15590K, committed 15872K, reserved 1062912K
  class space    used 1681K, capacity 1762K, committed 1792K, reserved 1048576K
Event: 1.961 GC heap after
Heap after GC invocations=1 (full 0):
 PSYoungGen      total 35840K, used 5098K [0x00000000d8400000, 0x00000000dac00000, 0x0000000100000000)
  eden space 30720K, 0% used [0x00000000d8400000,0x00000000d8400000,0x00000000da200000)
  from space 5120K, 99% used [0x00000000da200000,0x00000000da6fab58,0x00000000da700000)
  to   space 5120K, 0% used [0x00000000da700000,0x00000000da700000,0x00000000dac00000)
 ParOldGen       total 81920K, used 693K [0x0000000088c00000, 0x000000008dc00000, 0x00000000d8400000)
  object space 81920K, 0% used [0x0000000088c00000,0x0000000088cad740,0x000000008dc00000)
 Metaspace       used 15397K, capacity 15590K, committed 15872K, reserved 1062912K
  class space    used 1681K, capacity 1762K, committed 1792K, reserved 1048576K
}
Event: 2.838 GC heap before
{Heap before GC invocations=2 (full 0):
 PSYoungGen      total 35840K, used 35818K [0x00000000d8400000, 0x00000000dac00000, 0x0000000100000000)
  eden space 30720K, 100% used [0x00000000d8400000,0x00000000da200000,0x00000000da200000)
  from space 5120K, 99% used [0x00000000da200000,0x00000000da6fab58,0x00000000da700000)
  to   space 5120K, 0% used [0x00000000da700000,0x00000000da700000,0x00000000dac00000)
 ParOldGen       total 81920K, used 693K [0x0000000088c00000, 0x000000008dc00000, 0x00000000d8400000)
  object space 81920K, 0% used [0x0000000088c00000,0x0000000088cad740,0x000000008dc00000)
 Metaspace       used 20121K, capacity 20316K, committed 20608K, reserved 1067008K
  class space    used 2271K, capacity 2349K, committed 2432K, reserved 1048576K
Event: 2.845 GC heap after
Heap after GC invocations=2 (full 0):
 PSYoungGen      total 35840K, used 5112K [0x00000000d8400000, 0x00000000dac00000, 0x0000000100000000)
  eden space 30720K, 0% used [0x00000000d8400000,0x00000000d8400000,0x00000000da200000)
  from space 5120K, 99% used [0x00000000da700000,0x00000000dabfe338,0x00000000dac00000)
  to   space 5120K, 0% used [0x00000000da200000,0x00000000da200000,0x00000000da700000)
 ParOldGen       total 81920K, used 18814K [0x0000000088c00000, 0x000000008dc00000, 0x00000000d8400000)
  object space 81920K, 22% used [0x0000000088c00000,0x0000000089e5fbe8,0x000000008dc00000)
 Metaspace       used 20121K, capacity 20316K, committed 20608K, reserved 1067008K
  class space    used 2271K, capacity 2349K, committed 2432K, reserved 1048576K
}
Event: 6.493 GC heap before
{Heap before GC invocations=3 (full 0):
 PSYoungGen      total 35840K, used 35832K [0x00000000d8400000, 0x00000000dac00000, 0x0000000100000000)
  eden space 30720K, 100% used [0x00000000d8400000,0x00000000da200000,0x00000000da200000)
  from space 5120K, 99% used [0x00000000da700000,0x00000000dabfe338,0x00000000dac00000)
  to   space 5120K, 0% used [0x00000000da200000,0x00000000da200000,0x00000000da700000)
 ParOldGen       total 81920K, used 18814K [0x0000000088c00000, 0x000000008dc00000, 0x00000000d8400000)
  object space 81920K, 22% used [0x0000000088c00000,0x0000000089e5fbe8,0x000000008dc00000)
 Metaspace       used 20481K, capacity 20700K, committed 21120K, reserved 1069056K
  class space    used 2271K, capacity 2349K, committed 2432K, reserved 1048576K
Event: 6.496 GC heap after
Heap after GC invocations=3 (full 0):
 PSYoungGen      total 35840K, used 5109K [0x00000000d8400000, 0x00000000dac00000, 0x0000000100000000)
  eden space 30720K, 0% used [0x00000000d8400000,0x00000000d8400000,0x00000000da200000)
  from space 5120K, 99% used [0x00000000da200000,0x00000000da6fd530,0x00000000da700000)
  to   space 5120K, 0% used [0x00000000da700000,0x00000000da700000,0x00000000dac00000)
 ParOldGen       total 81920K, used 18822K [0x0000000088c00000, 0x000000008dc00000, 0x00000000d8400000)
  object space 81920K, 22% used [0x0000000088c00000,0x0000000089e61be8,0x000000008dc00000)
 Metaspace       used 20481K, capacity 20700K, committed 21120K, reserved 1069056K
  class space    used 2271K, capacity 2349K, committed 2432K, reserved 1048576K
}
Event: 10.223 GC heap before
{Heap before GC invocations=4 (full 0):
 PSYoungGen      total 35840K, used 35829K [0x00000000d8400000, 0x00000000dac00000, 0x0000000100000000)
  eden space 30720K, 100% used [0x00000000d8400000,0x00000000da200000,0x00000000da200000)
  from space 5120K, 99% used [0x00000000da200000,0x00000000da6fd530,0x00000000da700000)
  to   space 5120K, 0% used [0x00000000da700000,0x00000000da700000,0x00000000dac00000)
 ParOldGen       total 81920K, used 18822K [0x0000000088c00000, 0x000000008dc00000, 0x00000000d8400000)
  object space 81920K, 22% used [0x0000000088c00000,0x0000000089e61be8,0x000000008dc00000)
 Metaspace       used 20555K, capacity 20772K, committed 21120K, reserved 1069056K
  class space    used 2271K, capacity 2349K, committed 2432K, reserved 1048576K
Event: 10.226 GC heap after
Heap after GC invocations=4 (full 0):
 PSYoungGen      total 35840K, used 5112K [0x00000000d8400000, 0x00000000dac00000, 0x0000000100000000)
  eden space 30720K, 0% used [0x00000000d8400000,0x00000000d8400000,0x00000000da200000)
  from space 5120K, 99% used [0x00000000da700000,0x00000000dabfe000,0x00000000dac00000)
  to   space 5120K, 0% used [0x00000000da200000,0x00000000da200000,0x00000000da700000)
 ParOldGen       total 81920K, used 18910K [0x0000000088c00000, 0x000000008dc00000, 0x00000000d8400000)
  object space 81920K, 23% used [0x0000000088c00000,0x0000000089e77be8,0x000000008dc00000)
 Metaspace       used 20555K, capacity 20772K, committed 21120K, reserved 1069056K
  class space    used 2271K, capacity 2349K, committed 2432K, reserved 1048576K
}

Deoptimization events (10 events):
Event: 2.248 Thread 0x000000001a8e9800 Uncommon trap: reason=unstable_if action=reinterpret pc=0x0000000002f75e70 method=java.io.BufferedInputStream.read()I @ 8
Event: 2.252 Thread 0x000000001a8e9800 Uncommon trap: reason=unstable_if action=reinterpret pc=0x0000000002f7a994 method=java.io.BufferedInputStream.read()I @ 8
Event: 2.254 Thread 0x000000001a8e9800 Uncommon trap: reason=unstable_if action=reinterpret pc=0x0000000002f7c2c0 method=java.io.BufferedInputStream.read()I @ 8
Event: 2.256 Thread 0x000000001a8e9800 Uncommon trap: reason=unstable_if action=reinterpret pc=0x0000000002f86b78 method=java.io.BufferedInputStream.read()I @ 8
Event: 2.336 Thread 0x000000001a8e9800 Uncommon trap: reason=unstable_if action=reinterpret pc=0x0000000002fa65d8 method=jogamp.opengl.util.jpeg.JPEGDecoder$Output.quantizeAndInverse([I[B[I[I)V @ 770
Event: 2.358 Thread 0x000000001a8e9800 Uncommon trap: reason=unstable_if action=reinterpret pc=0x0000000002fd9998 method=jogamp.opengl.util.jpeg.JPEGDecoder.getPixel(Ljogamp/opengl/util/jpeg/JPEGDecoder$ColorSink;II)V @ 465
Event: 2.359 Thread 0x000000001a8e9800 Uncommon trap: reason=unstable_if action=reinterpret pc=0x0000000002f78b6c method=java.io.BufferedInputStream.read()I @ 8
Event: 2.370 Thread 0x000000001a8e9800 Uncommon trap: reason=unstable_if action=reinterpret pc=0x0000000002fe4f7c method=jogamp.opengl.util.jpeg.JPEGDecoder$Output.quantizeAndInverse([I[B[I[I)V @ 98
Event: 2.389 Thread 0x000000001a8e9800 Uncommon trap: reason=unstable_if action=reinterpret pc=0x0000000002ff87b8 method=jogamp.opengl.util.jpeg.JPEGDecoder$Output.quantizeAndInverse([I[B[I[I)V @ 98
Event: 2.406 Thread 0x000000001a8e9800 Uncommon trap: reason=null_assert action=make_not_entrant pc=0x0000000002ffa9b0 method=jogamp.opengl.util.jpeg.JPEGDecoder.getPixel(Ljogamp/opengl/util/jpeg/JPEGDecoder$ColorSink;II)V @ 28

Internal exceptions (10 events):
Event: 0.216 Thread 0x000000000291e000 Exception <a 'java/lang/ClassNotFoundException': ToggleButton> (0x00000000d8930538) thrown at [C:\re\workspace\8-2-build-windows-amd64-cygwin\jdk8u151\9699\hotspot\src\share\vm\classfile\systemDictionary.cpp, line 210]
Event: 0.216 Thread 0x000000000291e000 Exception <a 'java/lang/ClassNotFoundException': javax/swing/JToolBarSeparator> (0x00000000d8930998) thrown at [C:\re\workspace\8-2-build-windows-amd64-cygwin\jdk8u151\9699\hotspot\src\share\vm\classfile\systemDictionary.cpp, line 210]
Event: 0.216 Thread 0x000000000291e000 Exception <a 'java/lang/ClassNotFoundException': ToolBarSeparator> (0x00000000d8930e30) thrown at [C:\re\workspace\8-2-build-windows-amd64-cygwin\jdk8u151\9699\hotspot\src\share\vm\classfile\systemDictionary.cpp, line 210]
Event: 0.217 Thread 0x000000000291e000 Exception <a 'java/lang/ClassNotFoundException': ToolTip> (0x00000000d89315b0) thrown at [C:\re\workspace\8-2-build-windows-amd64-cygwin\jdk8u151\9699\hotspot\src\share\vm\classfile\systemDictionary.cpp, line 210]
Event: 0.217 Thread 0x000000000291e000 Exception <a 'java/lang/ClassNotFoundException': Tree> (0x00000000d8932208) thrown at [C:\re\workspace\8-2-build-windows-amd64-cygwin\jdk8u151\9699\hotspot\src\share\vm\classfile\systemDictionary.cpp, line 210]
Event: 0.217 Thread 0x000000000291e000 Exception <a 'java/lang/ClassNotFoundException': Tree> (0x00000000d8932948) thrown at [C:\re\workspace\8-2-build-windows-amd64-cygwin\jdk8u151\9699\hotspot\src\share\vm\classfile\systemDictionary.cpp, line 210]
Event: 0.217 Thread 0x000000000291e000 Exception <a 'java/lang/ClassNotFoundException': javax/swing/JTreeCell> (0x00000000d8932cc8) thrown at [C:\re\workspace\8-2-build-windows-amd64-cygwin\jdk8u151\9699\hotspot\src\share\vm\classfile\systemDictionary.cpp, line 210]
Event: 0.217 Thread 0x000000000291e000 Exception <a 'java/lang/ClassNotFoundException': TreeCell> (0x00000000d8933150) thrown at [C:\re\workspace\8-2-build-windows-amd64-cygwin\jdk8u151\9699\hotspot\src\share\vm\classfile\systemDictionary.cpp, line 210]
Event: 0.218 Thread 0x000000000291e000 Exception <a 'java/lang/ClassNotFoundException': RootPane> (0x00000000d8933bf0) thrown at [C:\re\workspace\8-2-build-windows-amd64-cygwin\jdk8u151\9699\hotspot\src\share\vm\classfile\systemDictionary.cpp, line 210]
Event: 0.222 Thread 0x000000000291e000 Exception <a 'java/io/FileNotFoundException'> (0x00000000d8939e70) thrown at [C:\re\workspace\8-2-build-windows-amd64-cygwin\jdk8u151\9699\hotspot\src\share\vm\prims\jni.cpp, line 709]

Events (10 events):
Event: 6.493 Executing VM operation: ParallelGCFailedAllocation
Event: 6.496 Executing VM operation: ParallelGCFailedAllocation done
Event: 7.883 Thread 0x000000001a8e9800 DEOPT PACKING pc=0x0000000003085a7a sp=0x000000002161e380
Event: 7.883 Thread 0x000000001a8e9800 DEOPT UNPACKING pc=0x0000000002bd787f sp=0x000000002161e0a0 mode 0
Event: 10.223 Executing VM operation: ParallelGCFailedAllocation
Event: 10.226 Executing VM operation: ParallelGCFailedAllocation done
Event: 10.725 Thread 0x000000001a8e9800 DEOPT PACKING pc=0x0000000003197013 sp=0x000000002161c6a0
Event: 10.725 Thread 0x000000001a8e9800 DEOPT UNPACKING pc=0x0000000002bd787f sp=0x000000002161c528 mode 0
Event: 11.156 Thread 0x000000001a8e9800 DEOPT PACKING pc=0x000000000319d7df sp=0x000000002161c6e0
Event: 11.156 Thread 0x000000001a8e9800 DEOPT UNPACKING pc=0x0000000002bd787f sp=0x000000002161c5d0 mode 0


Dynamic libraries:
0x00007ff79fe50000 - 0x00007ff79fe87000 	C:\Program Files\Java\jdk1.8.0_151\jre\bin\java.exe
0x00007fffa6a20000 - 0x00007fffa6bfb000 	C:\WINDOWS\SYSTEM32\ntdll.dll
0x00007fff90120000 - 0x00007fff90154000 	C:\Program Files\AVAST Software\Avast\x64\aswhooka.dll
0x00007fffa5f00000 - 0x00007fffa5fae000 	C:\WINDOWS\System32\KERNEL32.DLL
0x00007fffa3210000 - 0x00007fffa3459000 	C:\WINDOWS\System32\KERNELBASE.dll
0x00007fffa5a00000 - 0x00007fffa5aa1000 	C:\WINDOWS\System32\ADVAPI32.dll
0x00007fffa6980000 - 0x00007fffa6a1d000 	C:\WINDOWS\System32\msvcrt.dll
0x00007fffa59a0000 - 0x00007fffa59f9000 	C:\WINDOWS\System32\sechost.dll
0x00007fffa4010000 - 0x00007fffa4135000 	C:\WINDOWS\System32\RPCRT4.dll
0x00007fffa67a0000 - 0x00007fffa68ea000 	C:\WINDOWS\System32\USER32.dll
0x00007fffa3630000 - 0x00007fffa364e000 	C:\WINDOWS\System32\win32u.dll
0x00007fffa4260000 - 0x00007fffa4287000 	C:\WINDOWS\System32\GDI32.dll
0x00007fffa3df0000 - 0x00007fffa3f77000 	C:\WINDOWS\System32\gdi32full.dll
0x00007fffa3650000 - 0x00007fffa36ea000 	C:\WINDOWS\System32\msvcp_win.dll
0x00007fffa3010000 - 0x00007fffa3106000 	C:\WINDOWS\System32\ucrtbase.dll
0x00007fff95cb0000 - 0x00007fff95f17000 	C:\WINDOWS\WinSxS\amd64_microsoft.windows.common-controls_6595b64144ccf1df_6.0.15063.483_none_26002d27e7c744a2\COMCTL32.dll
0x00007fffa63c0000 - 0x00007fffa66b9000 	C:\WINDOWS\System32\combase.dll
0x00007fffa2f40000 - 0x00007fffa2faa000 	C:\WINDOWS\System32\bcryptPrimitives.dll
0x00007fffa6770000 - 0x00007fffa679d000 	C:\WINDOWS\System32\IMM32.DLL
0x0000000076530000 - 0x0000000076602000 	C:\Program Files\Java\jdk1.8.0_151\jre\bin\msvcr100.dll
0x0000000076610000 - 0x0000000076ead000 	C:\Program Files\Java\jdk1.8.0_151\jre\bin\server\jvm.dll
0x00007fffa63b0000 - 0x00007fffa63b8000 	C:\WINDOWS\System32\PSAPI.DLL
0x00007fff9d4f0000 - 0x00007fff9d4f9000 	C:\WINDOWS\SYSTEM32\WSOCK32.dll
0x00007fffa6910000 - 0x00007fffa697c000 	C:\WINDOWS\System32\WS2_32.dll
0x00007fff9ffd0000 - 0x00007fff9fff3000 	C:\WINDOWS\SYSTEM32\WINMM.dll
0x00007fffa1250000 - 0x00007fffa125a000 	C:\WINDOWS\SYSTEM32\VERSION.dll
0x00007fff9c410000 - 0x00007fff9c43b000 	C:\WINDOWS\SYSTEM32\WINMMBASE.dll
0x00007fffa31c0000 - 0x00007fffa3209000 	C:\WINDOWS\System32\cfgmgr32.dll
0x00000000764e0000 - 0x00000000764ef000 	C:\Program Files\Java\jdk1.8.0_151\jre\bin\verify.dll
0x00000000764b0000 - 0x00000000764d9000 	C:\Program Files\Java\jdk1.8.0_151\jre\bin\java.dll
0x0000000076490000 - 0x00000000764a6000 	C:\Program Files\Java\jdk1.8.0_151\jre\bin\zip.dll
0x00007fffa4500000 - 0x00007fffa5937000 	C:\WINDOWS\System32\SHELL32.dll
0x00007fffa66c0000 - 0x00007fffa676a000 	C:\WINDOWS\System32\shcore.dll
0x00007fffa36f0000 - 0x00007fffa3de1000 	C:\WINDOWS\System32\windows.storage.dll
0x00007fffa4140000 - 0x00007fffa4191000 	C:\WINDOWS\System32\shlwapi.dll
0x00007fffa2f00000 - 0x00007fffa2f11000 	C:\WINDOWS\System32\kernel.appcore.dll
0x00007fffa2eb0000 - 0x00007fffa2efc000 	C:\WINDOWS\System32\powrprof.dll
0x00007fffa2f20000 - 0x00007fffa2f35000 	C:\WINDOWS\System32\profapi.dll
0x00000000762b0000 - 0x0000000076448000 	C:\Program Files\Java\jdk1.8.0_151\jre\bin\awt.dll
0x00007fffa41a0000 - 0x00007fffa4260000 	C:\WINDOWS\System32\OLEAUT32.dll
0x00007fffa0820000 - 0x00007fffa089e000 	C:\WINDOWS\SYSTEM32\apphelp.dll
0x00007fffa0c40000 - 0x00007fffa0cd5000 	C:\WINDOWS\system32\uxtheme.dll
0x00007fffa4290000 - 0x00007fffa43f6000 	C:\WINDOWS\System32\MSCTF.dll
0x00007fff8df50000 - 0x00007fff8dff1000 	C:\Program Files\Common Files\microsoft shared\ink\tiptsf.dll
0x00007fff9d080000 - 0x00007fff9d0aa000 	C:\WINDOWS\system32\dwmapi.dll
0x00007fffa6150000 - 0x00007fffa6295000 	C:\WINDOWS\System32\ole32.dll
0x0000000076260000 - 0x00000000762a7000 	C:\Program Files\Java\jdk1.8.0_151\jre\bin\fontmanager.dll
0x00007fff8c070000 - 0x00007fff8c191000 	C:\WINDOWS\system32\opengl32.dll
0x00007fff9d400000 - 0x00007fff9d42c000 	C:\WINDOWS\SYSTEM32\GLU32.dll
0x00007fffa2a10000 - 0x00007fffa2a27000 	C:\WINDOWS\SYSTEM32\CRYPTSP.dll
0x00007fffa2090000 - 0x00007fffa20c4000 	C:\WINDOWS\system32\rsaenh.dll
0x00007fffa2a30000 - 0x00007fffa2a55000 	C:\WINDOWS\SYSTEM32\bcrypt.dll
0x00007fffa2d90000 - 0x00007fffa2db9000 	C:\WINDOWS\SYSTEM32\USERENV.dll
0x00007fffa2610000 - 0x00007fffa261b000 	C:\WINDOWS\SYSTEM32\CRYPTBASE.dll
0x0000000076470000 - 0x000000007648a000 	C:\Program Files\Java\jdk1.8.0_151\jre\bin\net.dll
0x00007fffa2470000 - 0x00007fffa24cc000 	C:\WINDOWS\system32\mswsock.dll
0x00007fffa2210000 - 0x00007fffa2247000 	C:\WINDOWS\SYSTEM32\IPHLPAPI.DLL
0x00007fffa5ab0000 - 0x00007fffa5ab8000 	C:\WINDOWS\System32\NSI.dll
0x00007fff9b6a0000 - 0x00007fff9b6b6000 	C:\WINDOWS\SYSTEM32\dhcpcsvc6.DLL
0x00007fff9b670000 - 0x00007fff9b68a000 	C:\WINDOWS\SYSTEM32\dhcpcsvc.DLL
0x0000000076450000 - 0x0000000076461000 	C:\Program Files\Java\jdk1.8.0_151\jre\bin\nio.dll
0x00000000637c0000 - 0x00000000637cd000 	C:\Users\asusbook\AppData\Local\Temp\jogamp_0000\file_cache\jln434629275471463527\jln5861964178358275293\natives\windows-amd64\gluegen-rt.dll
0x0000000076170000 - 0x0000000076177000 	C:\Program Files\Java\jdk1.8.0_151\jre\bin\jawt.dll
0x000000006a440000 - 0x000000006a44d000 	C:\Users\asusbook\AppData\Local\Temp\jogamp_0000\file_cache\jln434629275471463527\jln5861964178358275293\natives\windows-amd64\nativewindow_awt.dll
0x000000006c100000 - 0x000000006c10f000 	C:\Users\asusbook\AppData\Local\Temp\jogamp_0000\file_cache\jln434629275471463527\jln5861964178358275293\natives\windows-amd64\nativewindow_win32.dll
0x0000000064500000 - 0x00000000645b1000 	C:\Users\asusbook\AppData\Local\Temp\jogamp_0000\file_cache\jln434629275471463527\jln5861964178358275293\natives\windows-amd64\jogl_desktop.dll
0x0000000064340000 - 0x00000000643a2000 	C:\Users\asusbook\AppData\Local\Temp\jogamp_0000\file_cache\jln434629275471463527\jln5861964178358275293\natives\windows-amd64\jogl_mobile.dll
0x0000000072fb0000 - 0x0000000075277000 	C:\WINDOWS\SYSTEM32\nvoglv64.DLL
0x00007fffa5ac0000 - 0x00007fffa5efb000 	C:\WINDOWS\System32\SETUPAPI.dll
0x00007fff9eeb0000 - 0x00007fff9eec3000 	C:\WINDOWS\SYSTEM32\WTSAPI32.dll
0x00007fffa0ed0000 - 0x00007fffa0ef8000 	C:\WINDOWS\SYSTEM32\DEVOBJ.dll
0x00007fffa2fb0000 - 0x00007fffa3006000 	C:\WINDOWS\System32\WINTRUST.dll
0x00007fffa2e90000 - 0x00007fffa2ea1000 	C:\WINDOWS\System32\MSASN1.dll
0x00007fffa3460000 - 0x00007fffa3629000 	C:\WINDOWS\System32\CRYPT32.dll
0x00007fffa1dc0000 - 0x00007fffa1df1000 	C:\WINDOWS\SYSTEM32\ntmarta.dll
0x00007fff82220000 - 0x00007fff823dd000 	C:\WINDOWS\system32\nvspcap64.dll
0x00007fffa1e30000 - 0x00007fffa1e85000 	C:\WINDOWS\SYSTEM32\WINSTA.dll
0x0000000076210000 - 0x0000000076252000 	C:\Program Files\Java\jdk1.8.0_151\jre\bin\t2k.dll
0x00007fff954f0000 - 0x00007fff95572000 	C:\WINDOWS\System32\TextInputFramework.dll
0x00007fff9ab00000 - 0x00007fff9add2000 	C:\WINDOWS\System32\CoreUIComponents.dll
0x00007fff9f750000 - 0x00007fff9f833000 	C:\WINDOWS\System32\CoreMessaging.dll
0x00007fff9d850000 - 0x00007fff9d989000 	C:\WINDOWS\SYSTEM32\wintypes.dll
0x00007fffa02e0000 - 0x00007fffa02f5000 	C:\WINDOWS\SYSTEM32\usermgrcli.dll
0x00007fffa4460000 - 0x00007fffa44fe000 	C:\WINDOWS\System32\clbcatq.dll
0x00007fff93c70000 - 0x00007fff93e35000 	C:\Windows\System32\uiautomationcore.dll
0x00007fffa2cf0000 - 0x00007fffa2d8a000 	C:\WINDOWS\SYSTEM32\sxs.dll
0x00007fff9d010000 - 0x00007fff9d07b000 	C:\Windows\System32\OLEACC.dll
0x00007fff95c20000 - 0x00007fff95ca2000 	C:\WINDOWS\SYSTEM32\twinapi.dll
0x00007fffa0f00000 - 0x00007fffa1070000 	C:\WINDOWS\SYSTEM32\twinapi.appcore.dll
0x00000000761d0000 - 0x00000000761fa000 	C:\Program Files\Java\jdk1.8.0_151\jre\bin\dcpr.dll
0x00007fffa2a60000 - 0x00007fffa2c09000 	C:\WINDOWS\SYSTEM32\dbghelp.dll

VM Arguments:
jvm_args: -Dfile.encoding=UTF-8 
java_command: robotrace.RobotRace
java_class_path (initial): C:\Users\asusbook\Desktop\TUe\2IV60\RobotRace\RobotRace\lib\jogl-all.jar;C:\Users\asusbook\Desktop\TUe\2IV60\RobotRace\RobotRace\lib\gluegen-rt.jar;C:\Users\asusbook\Desktop\TUe\2IV60\RobotRace\RobotRace\lib\RobotRaceLibrary.jar;C:\Users\asusbook\Desktop\TUe\2IV60\RobotRace\RobotRace\build\classes
Launcher Type: SUN_STANDARD

Environment Variables:
PATH=C:\ProgramData\Oracle\Java\javapath;c:\program files\java\jdk1.8.0_102\bin;c:\program files (x86)\intel\icls client\;c:\program files\intel\icls client\;c:\windows\system32;c:\windows;c:\windows\system32\wbem;c:\windows\system32\windowspowershell\v1.0\;c:\program files\intel\intel(r) management engine components\dal;c:\program files\intel\intel(r) management engine components\ipt;c:\program files (x86)\intel\intel(r) management engine components\dal;c:\program files (x86)\intel\intel(r) management engine components\ipt;c:\program files (x86)\gtksharp\2.12\bin;c:\program files (x86)\gitextensions\;c:\windows\system32;c:\windows;c:\windows\system32\wbem;c:\windows\system32\windowspowershell\v1.0\;c:\program files\matlab\r2016b\bin;c:\program files (x86)\skype\phone\;c:\program files (x86)\quicktime\qtsystem\;c:\program files\nodejs\;c:\program files (x86)\windows kits\8.1\windows performance toolkit\;C:\WINDOWS\system32;C:\WINDOWS;C:\WINDOWS\system32\wbem;C:\WINDOWS\system32\windowspowershell\v1.0\;C:\Program Files (x86)\NVIDIA Corporation\PhysX\Common;"C:\Windows\System32";C:\Program Files (x86)\Microsoft VS Code\bin;C:\Users\asusbook\AppData\Roaming\npm;%USERPROFILE%\AppData\Local\Microsoft\WindowsApps;
USERNAME=asusbook
OS=Windows_NT
PROCESSOR_IDENTIFIER=Intel64 Family 6 Model 60 Stepping 3, GenuineIntel



---------------  S Y S T E M  ---------------

OS: Windows 10.0 , 64 bit Build 15063 (10.0.15063.296)

CPU:total 8 (initial active 8) (4 cores per cpu, 2 threads per core) family 6 model 60 stepping 3, cmov, cx8, fxsr, mmx, sse, sse2, sse3, ssse3, sse4.1, sse4.2, popcnt, avx, avx2, aes, clmul, erms, lzcnt, ht, tsc, tscinvbit, bmi1, bmi2

Memory: 4k page, physical 7810236k(2957824k free), swap 15195640k(8117524k free)

vm_info: Java HotSpot(TM) 64-Bit Server VM (25.151-b12) for windows-amd64 JRE (1.8.0_151-b12), built on Sep  5 2017 19:33:46 by "java_re" with MS VC++ 10.0 (VS2010)

time: Mon Dec 25 05:01:16 2017
elapsed time: 11 seconds (0d 0h 0m 11s)

